<?xml version="1.0" encoding="UTF-8"?>
<testsuite xmlns:xsi="http://www.w3.org/2001/XMLSchema-instance" xsi:noNamespaceSchemaLocation="https://maven.apache.org/surefire/maven-surefire-plugin/xsd/surefire-test-report.xsd" name="mario.br.kafka_flink.AppTest" time="0.042" tests="1" errors="0" skipped="0" failures="0">
  <properties>
    <property name="java.specification.version" value="17"/>
    <property name="sun.cpu.isalist" value="amd64"/>
    <property name="sun.jnu.encoding" value="Cp1252"/>
    <property name="java.class.path" value="C:\Users\User\eclipse-workspace\kafka-flink\target\test-classes;C:\Users\User\eclipse-workspace\kafka-flink\target\classes;C:\Users\User\.m2\repository\org\apache\flink\flink-core\1.5.0\flink-core-1.5.0.jar;C:\Users\User\.m2\repository\org\apache\flink\flink-annotations\1.5.0\flink-annotations-1.5.0.jar;C:\Users\User\.m2\repository\org\apache\flink\flink-metrics-core\1.5.0\flink-metrics-core-1.5.0.jar;C:\Users\User\.m2\repository\org\apache\flink\flink-shaded-asm\5.0.4-2.0\flink-shaded-asm-5.0.4-2.0.jar;C:\Users\User\.m2\repository\org\apache\commons\commons-lang3\3.3.2\commons-lang3-3.3.2.jar;C:\Users\User\.m2\repository\com\esotericsoftware\kryo\kryo\2.24.0\kryo-2.24.0.jar;C:\Users\User\.m2\repository\com\esotericsoftware\minlog\minlog\1.2\minlog-1.2.jar;C:\Users\User\.m2\repository\org\objenesis\objenesis\2.1\objenesis-2.1.jar;C:\Users\User\.m2\repository\commons-collections\commons-collections\3.2.2\commons-collections-3.2.2.jar;C:\Users\User\.m2\repository\org\apache\commons\commons-compress\1.4.1\commons-compress-1.4.1.jar;C:\Users\User\.m2\repository\org\tukaani\xz\1.0\xz-1.0.jar;C:\Users\User\.m2\repository\org\slf4j\slf4j-api\1.7.7\slf4j-api-1.7.7.jar;C:\Users\User\.m2\repository\com\google\code\findbugs\jsr305\1.3.9\jsr305-1.3.9.jar;C:\Users\User\.m2\repository\org\apache\flink\force-shading\1.5.0\force-shading-1.5.0.jar;C:\Users\User\.m2\repository\org\apache\flink\flink-connector-kafka-0.11_2.11\1.5.0\flink-connector-kafka-0.11_2.11-1.5.0.jar;C:\Users\User\.m2\repository\org\apache\flink\flink-connector-kafka-0.10_2.11\1.5.0\flink-connector-kafka-0.10_2.11-1.5.0.jar;C:\Users\User\.m2\repository\org\apache\flink\flink-connector-kafka-0.9_2.11\1.5.0\flink-connector-kafka-0.9_2.11-1.5.0.jar;C:\Users\User\.m2\repository\org\apache\flink\flink-connector-kafka-base_2.11\1.5.0\flink-connector-kafka-base_2.11-1.5.0.jar;C:\Users\User\.m2\repository\org\apache\kafka\kafka-clients\0.11.0.2\kafka-clients-0.11.0.2.jar;C:\Users\User\.m2\repository\net\jpountz\lz4\lz4\1.3.0\lz4-1.3.0.jar;C:\Users\User\.m2\repository\org\xerial\snappy\snappy-java\1.1.2.6\snappy-java-1.1.2.6.jar;C:\Users\User\.m2\repository\org\apache\flink\flink-streaming-java_2.11\1.5.0\flink-streaming-java_2.11-1.5.0.jar;C:\Users\User\.m2\repository\org\apache\flink\flink-runtime_2.11\1.5.0\flink-runtime_2.11-1.5.0.jar;C:\Users\User\.m2\repository\org\apache\flink\flink-queryable-state-client-java_2.11\1.5.0\flink-queryable-state-client-java_2.11-1.5.0.jar;C:\Users\User\.m2\repository\org\apache\flink\flink-hadoop-fs\1.5.0\flink-hadoop-fs-1.5.0.jar;C:\Users\User\.m2\repository\commons-io\commons-io\2.4\commons-io-2.4.jar;C:\Users\User\.m2\repository\org\apache\flink\flink-shaded-netty\4.0.27.Final-2.0\flink-shaded-netty-4.0.27.Final-2.0.jar;C:\Users\User\.m2\repository\org\apache\flink\flink-shaded-jackson\2.7.9-3.0\flink-shaded-jackson-2.7.9-3.0.jar;C:\Users\User\.m2\repository\org\javassist\javassist\3.18.2-GA\javassist-3.18.2-GA.jar;C:\Users\User\.m2\repository\org\scala-lang\scala-library\2.11.12\scala-library-2.11.12.jar;C:\Users\User\.m2\repository\com\typesafe\akka\akka-actor_2.11\2.4.20\akka-actor_2.11-2.4.20.jar;C:\Users\User\.m2\repository\com\typesafe\config\1.3.0\config-1.3.0.jar;C:\Users\User\.m2\repository\org\scala-lang\modules\scala-java8-compat_2.11\0.7.0\scala-java8-compat_2.11-0.7.0.jar;C:\Users\User\.m2\repository\com\typesafe\akka\akka-stream_2.11\2.4.20\akka-stream_2.11-2.4.20.jar;C:\Users\User\.m2\repository\org\reactivestreams\reactive-streams\1.0.0\reactive-streams-1.0.0.jar;C:\Users\User\.m2\repository\com\typesafe\ssl-config-core_2.11\0.2.1\ssl-config-core_2.11-0.2.1.jar;C:\Users\User\.m2\repository\org\scala-lang\modules\scala-parser-combinators_2.11\1.0.4\scala-parser-combinators_2.11-1.0.4.jar;C:\Users\User\.m2\repository\com\typesafe\akka\akka-protobuf_2.11\2.4.20\akka-protobuf_2.11-2.4.20.jar;C:\Users\User\.m2\repository\com\typesafe\akka\akka-slf4j_2.11\2.4.20\akka-slf4j_2.11-2.4.20.jar;C:\Users\User\.m2\repository\org\clapper\grizzled-slf4j_2.11\1.0.2\grizzled-slf4j_2.11-1.0.2.jar;C:\Users\User\.m2\repository\com\github\scopt\scopt_2.11\3.5.0\scopt_2.11-3.5.0.jar;C:\Users\User\.m2\repository\com\twitter\chill_2.11\0.7.4\chill_2.11-0.7.4.jar;C:\Users\User\.m2\repository\com\twitter\chill-java\0.7.4\chill-java-0.7.4.jar;C:\Users\User\.m2\repository\org\apache\flink\flink-shaded-guava\18.0-2.0\flink-shaded-guava-18.0-2.0.jar;C:\Users\User\.m2\repository\org\apache\commons\commons-math3\3.5\commons-math3-3.5.jar;C:\Users\User\.m2\repository\org\apache\flink\flink-java\1.1.4\flink-java-1.1.4.jar;C:\Users\User\.m2\repository\org\apache\flink\flink-shaded-hadoop2\1.1.4\flink-shaded-hadoop2-1.1.4.jar;C:\Users\User\.m2\repository\xmlenc\xmlenc\0.52\xmlenc-0.52.jar;C:\Users\User\.m2\repository\commons-codec\commons-codec\1.4\commons-codec-1.4.jar;C:\Users\User\.m2\repository\commons-net\commons-net\3.1\commons-net-3.1.jar;C:\Users\User\.m2\repository\javax\servlet\servlet-api\2.5\servlet-api-2.5.jar;C:\Users\User\.m2\repository\org\mortbay\jetty\jetty-util\6.1.26\jetty-util-6.1.26.jar;C:\Users\User\.m2\repository\com\sun\jersey\jersey-core\1.9\jersey-core-1.9.jar;C:\Users\User\.m2\repository\commons-el\commons-el\1.0\commons-el-1.0.jar;C:\Users\User\.m2\repository\commons-logging\commons-logging\1.1.3\commons-logging-1.1.3.jar;C:\Users\User\.m2\repository\com\jamesmurty\utils\java-xmlbuilder\0.4\java-xmlbuilder-0.4.jar;C:\Users\User\.m2\repository\commons-lang\commons-lang\2.6\commons-lang-2.6.jar;C:\Users\User\.m2\repository\commons-configuration\commons-configuration\1.7\commons-configuration-1.7.jar;C:\Users\User\.m2\repository\commons-digester\commons-digester\1.8.1\commons-digester-1.8.1.jar;C:\Users\User\.m2\repository\org\codehaus\jackson\jackson-core-asl\1.8.8\jackson-core-asl-1.8.8.jar;C:\Users\User\.m2\repository\org\codehaus\jackson\jackson-mapper-asl\1.8.8\jackson-mapper-asl-1.8.8.jar;C:\Users\User\.m2\repository\org\apache\avro\avro\1.7.7\avro-1.7.7.jar;C:\Users\User\.m2\repository\com\thoughtworks\paranamer\paranamer\2.3\paranamer-2.3.jar;C:\Users\User\.m2\repository\com\jcraft\jsch\0.1.42\jsch-0.1.42.jar;C:\Users\User\.m2\repository\org\apache\zookeeper\zookeeper\3.4.6\zookeeper-3.4.6.jar;C:\Users\User\.m2\repository\io\netty\netty\3.7.0.Final\netty-3.7.0.Final.jar;C:\Users\User\.m2\repository\commons-beanutils\commons-beanutils-bean-collections\1.8.3\commons-beanutils-bean-collections-1.8.3.jar;C:\Users\User\.m2\repository\commons-daemon\commons-daemon\1.0.13\commons-daemon-1.0.13.jar;C:\Users\User\.m2\repository\javax\xml\bind\jaxb-api\2.2.2\jaxb-api-2.2.2.jar;C:\Users\User\.m2\repository\javax\xml\stream\stax-api\1.0-2\stax-api-1.0-2.jar;C:\Users\User\.m2\repository\javax\activation\activation\1.1\activation-1.1.jar;C:\Users\User\.m2\repository\com\google\inject\guice\3.0\guice-3.0.jar;C:\Users\User\.m2\repository\javax\inject\javax.inject\1\javax.inject-1.jar;C:\Users\User\.m2\repository\aopalliance\aopalliance\1.0\aopalliance-1.0.jar;C:\Users\User\.m2\repository\org\slf4j\slf4j-log4j12\1.7.7\slf4j-log4j12-1.7.7.jar;C:\Users\User\.m2\repository\log4j\log4j\1.2.17\log4j-1.2.17.jar;C:\Users\User\.m2\repository\org\apache\flink\flink-clients_2.11\1.1.4\flink-clients_2.11-1.1.4.jar;C:\Users\User\.m2\repository\org\apache\flink\flink-optimizer_2.11\1.1.4\flink-optimizer_2.11-1.1.4.jar;C:\Users\User\.m2\repository\commons-cli\commons-cli\1.3.1\commons-cli-1.3.1.jar;C:\Users\User\.m2\repository\junit\junit\4.11\junit-4.11.jar;C:\Users\User\.m2\repository\org\hamcrest\hamcrest-core\1.3\hamcrest-core-1.3.jar;"/>
    <property name="java.vm.vendor" value="Eclipse Adoptium"/>
    <property name="sun.arch.data.model" value="64"/>
    <property name="user.variant" value=""/>
    <property name="java.vendor.url" value="https://adoptium.net/"/>
    <property name="user.timezone" value="America/Sao_Paulo"/>
    <property name="os.name" value="Windows 10"/>
    <property name="java.vm.specification.version" value="17"/>
    <property name="sun.java.launcher" value="SUN_STANDARD"/>
    <property name="user.country" value="BR"/>
    <property name="sun.boot.library.path" value="C:\Users\User\.p2\pool\plugins\org.eclipse.justj.openjdk.hotspot.jre.full.win32.x86_64_17.0.0.v20211012-1059\jre\bin"/>
    <property name="sun.java.command" value="C:\Users\User\AppData\Local\Temp\surefire6339410241551149854\surefirebooter9983004079145285177.jar C:\Users\User\AppData\Local\Temp\surefire6339410241551149854 2022-01-24T21-11-37_807-jvmRun1 surefire2708378724190092872tmp surefire_02316579780637142834tmp"/>
    <property name="jdk.debug" value="release"/>
    <property name="surefire.test.class.path" value="C:\Users\User\eclipse-workspace\kafka-flink\target\test-classes;C:\Users\User\eclipse-workspace\kafka-flink\target\classes;C:\Users\User\.m2\repository\org\apache\flink\flink-core\1.5.0\flink-core-1.5.0.jar;C:\Users\User\.m2\repository\org\apache\flink\flink-annotations\1.5.0\flink-annotations-1.5.0.jar;C:\Users\User\.m2\repository\org\apache\flink\flink-metrics-core\1.5.0\flink-metrics-core-1.5.0.jar;C:\Users\User\.m2\repository\org\apache\flink\flink-shaded-asm\5.0.4-2.0\flink-shaded-asm-5.0.4-2.0.jar;C:\Users\User\.m2\repository\org\apache\commons\commons-lang3\3.3.2\commons-lang3-3.3.2.jar;C:\Users\User\.m2\repository\com\esotericsoftware\kryo\kryo\2.24.0\kryo-2.24.0.jar;C:\Users\User\.m2\repository\com\esotericsoftware\minlog\minlog\1.2\minlog-1.2.jar;C:\Users\User\.m2\repository\org\objenesis\objenesis\2.1\objenesis-2.1.jar;C:\Users\User\.m2\repository\commons-collections\commons-collections\3.2.2\commons-collections-3.2.2.jar;C:\Users\User\.m2\repository\org\apache\commons\commons-compress\1.4.1\commons-compress-1.4.1.jar;C:\Users\User\.m2\repository\org\tukaani\xz\1.0\xz-1.0.jar;C:\Users\User\.m2\repository\org\slf4j\slf4j-api\1.7.7\slf4j-api-1.7.7.jar;C:\Users\User\.m2\repository\com\google\code\findbugs\jsr305\1.3.9\jsr305-1.3.9.jar;C:\Users\User\.m2\repository\org\apache\flink\force-shading\1.5.0\force-shading-1.5.0.jar;C:\Users\User\.m2\repository\org\apache\flink\flink-connector-kafka-0.11_2.11\1.5.0\flink-connector-kafka-0.11_2.11-1.5.0.jar;C:\Users\User\.m2\repository\org\apache\flink\flink-connector-kafka-0.10_2.11\1.5.0\flink-connector-kafka-0.10_2.11-1.5.0.jar;C:\Users\User\.m2\repository\org\apache\flink\flink-connector-kafka-0.9_2.11\1.5.0\flink-connector-kafka-0.9_2.11-1.5.0.jar;C:\Users\User\.m2\repository\org\apache\flink\flink-connector-kafka-base_2.11\1.5.0\flink-connector-kafka-base_2.11-1.5.0.jar;C:\Users\User\.m2\repository\org\apache\kafka\kafka-clients\0.11.0.2\kafka-clients-0.11.0.2.jar;C:\Users\User\.m2\repository\net\jpountz\lz4\lz4\1.3.0\lz4-1.3.0.jar;C:\Users\User\.m2\repository\org\xerial\snappy\snappy-java\1.1.2.6\snappy-java-1.1.2.6.jar;C:\Users\User\.m2\repository\org\apache\flink\flink-streaming-java_2.11\1.5.0\flink-streaming-java_2.11-1.5.0.jar;C:\Users\User\.m2\repository\org\apache\flink\flink-runtime_2.11\1.5.0\flink-runtime_2.11-1.5.0.jar;C:\Users\User\.m2\repository\org\apache\flink\flink-queryable-state-client-java_2.11\1.5.0\flink-queryable-state-client-java_2.11-1.5.0.jar;C:\Users\User\.m2\repository\org\apache\flink\flink-hadoop-fs\1.5.0\flink-hadoop-fs-1.5.0.jar;C:\Users\User\.m2\repository\commons-io\commons-io\2.4\commons-io-2.4.jar;C:\Users\User\.m2\repository\org\apache\flink\flink-shaded-netty\4.0.27.Final-2.0\flink-shaded-netty-4.0.27.Final-2.0.jar;C:\Users\User\.m2\repository\org\apache\flink\flink-shaded-jackson\2.7.9-3.0\flink-shaded-jackson-2.7.9-3.0.jar;C:\Users\User\.m2\repository\org\javassist\javassist\3.18.2-GA\javassist-3.18.2-GA.jar;C:\Users\User\.m2\repository\org\scala-lang\scala-library\2.11.12\scala-library-2.11.12.jar;C:\Users\User\.m2\repository\com\typesafe\akka\akka-actor_2.11\2.4.20\akka-actor_2.11-2.4.20.jar;C:\Users\User\.m2\repository\com\typesafe\config\1.3.0\config-1.3.0.jar;C:\Users\User\.m2\repository\org\scala-lang\modules\scala-java8-compat_2.11\0.7.0\scala-java8-compat_2.11-0.7.0.jar;C:\Users\User\.m2\repository\com\typesafe\akka\akka-stream_2.11\2.4.20\akka-stream_2.11-2.4.20.jar;C:\Users\User\.m2\repository\org\reactivestreams\reactive-streams\1.0.0\reactive-streams-1.0.0.jar;C:\Users\User\.m2\repository\com\typesafe\ssl-config-core_2.11\0.2.1\ssl-config-core_2.11-0.2.1.jar;C:\Users\User\.m2\repository\org\scala-lang\modules\scala-parser-combinators_2.11\1.0.4\scala-parser-combinators_2.11-1.0.4.jar;C:\Users\User\.m2\repository\com\typesafe\akka\akka-protobuf_2.11\2.4.20\akka-protobuf_2.11-2.4.20.jar;C:\Users\User\.m2\repository\com\typesafe\akka\akka-slf4j_2.11\2.4.20\akka-slf4j_2.11-2.4.20.jar;C:\Users\User\.m2\repository\org\clapper\grizzled-slf4j_2.11\1.0.2\grizzled-slf4j_2.11-1.0.2.jar;C:\Users\User\.m2\repository\com\github\scopt\scopt_2.11\3.5.0\scopt_2.11-3.5.0.jar;C:\Users\User\.m2\repository\com\twitter\chill_2.11\0.7.4\chill_2.11-0.7.4.jar;C:\Users\User\.m2\repository\com\twitter\chill-java\0.7.4\chill-java-0.7.4.jar;C:\Users\User\.m2\repository\org\apache\flink\flink-shaded-guava\18.0-2.0\flink-shaded-guava-18.0-2.0.jar;C:\Users\User\.m2\repository\org\apache\commons\commons-math3\3.5\commons-math3-3.5.jar;C:\Users\User\.m2\repository\org\apache\flink\flink-java\1.1.4\flink-java-1.1.4.jar;C:\Users\User\.m2\repository\org\apache\flink\flink-shaded-hadoop2\1.1.4\flink-shaded-hadoop2-1.1.4.jar;C:\Users\User\.m2\repository\xmlenc\xmlenc\0.52\xmlenc-0.52.jar;C:\Users\User\.m2\repository\commons-codec\commons-codec\1.4\commons-codec-1.4.jar;C:\Users\User\.m2\repository\commons-net\commons-net\3.1\commons-net-3.1.jar;C:\Users\User\.m2\repository\javax\servlet\servlet-api\2.5\servlet-api-2.5.jar;C:\Users\User\.m2\repository\org\mortbay\jetty\jetty-util\6.1.26\jetty-util-6.1.26.jar;C:\Users\User\.m2\repository\com\sun\jersey\jersey-core\1.9\jersey-core-1.9.jar;C:\Users\User\.m2\repository\commons-el\commons-el\1.0\commons-el-1.0.jar;C:\Users\User\.m2\repository\commons-logging\commons-logging\1.1.3\commons-logging-1.1.3.jar;C:\Users\User\.m2\repository\com\jamesmurty\utils\java-xmlbuilder\0.4\java-xmlbuilder-0.4.jar;C:\Users\User\.m2\repository\commons-lang\commons-lang\2.6\commons-lang-2.6.jar;C:\Users\User\.m2\repository\commons-configuration\commons-configuration\1.7\commons-configuration-1.7.jar;C:\Users\User\.m2\repository\commons-digester\commons-digester\1.8.1\commons-digester-1.8.1.jar;C:\Users\User\.m2\repository\org\codehaus\jackson\jackson-core-asl\1.8.8\jackson-core-asl-1.8.8.jar;C:\Users\User\.m2\repository\org\codehaus\jackson\jackson-mapper-asl\1.8.8\jackson-mapper-asl-1.8.8.jar;C:\Users\User\.m2\repository\org\apache\avro\avro\1.7.7\avro-1.7.7.jar;C:\Users\User\.m2\repository\com\thoughtworks\paranamer\paranamer\2.3\paranamer-2.3.jar;C:\Users\User\.m2\repository\com\jcraft\jsch\0.1.42\jsch-0.1.42.jar;C:\Users\User\.m2\repository\org\apache\zookeeper\zookeeper\3.4.6\zookeeper-3.4.6.jar;C:\Users\User\.m2\repository\io\netty\netty\3.7.0.Final\netty-3.7.0.Final.jar;C:\Users\User\.m2\repository\commons-beanutils\commons-beanutils-bean-collections\1.8.3\commons-beanutils-bean-collections-1.8.3.jar;C:\Users\User\.m2\repository\commons-daemon\commons-daemon\1.0.13\commons-daemon-1.0.13.jar;C:\Users\User\.m2\repository\javax\xml\bind\jaxb-api\2.2.2\jaxb-api-2.2.2.jar;C:\Users\User\.m2\repository\javax\xml\stream\stax-api\1.0-2\stax-api-1.0-2.jar;C:\Users\User\.m2\repository\javax\activation\activation\1.1\activation-1.1.jar;C:\Users\User\.m2\repository\com\google\inject\guice\3.0\guice-3.0.jar;C:\Users\User\.m2\repository\javax\inject\javax.inject\1\javax.inject-1.jar;C:\Users\User\.m2\repository\aopalliance\aopalliance\1.0\aopalliance-1.0.jar;C:\Users\User\.m2\repository\org\slf4j\slf4j-log4j12\1.7.7\slf4j-log4j12-1.7.7.jar;C:\Users\User\.m2\repository\log4j\log4j\1.2.17\log4j-1.2.17.jar;C:\Users\User\.m2\repository\org\apache\flink\flink-clients_2.11\1.1.4\flink-clients_2.11-1.1.4.jar;C:\Users\User\.m2\repository\org\apache\flink\flink-optimizer_2.11\1.1.4\flink-optimizer_2.11-1.1.4.jar;C:\Users\User\.m2\repository\commons-cli\commons-cli\1.3.1\commons-cli-1.3.1.jar;C:\Users\User\.m2\repository\junit\junit\4.11\junit-4.11.jar;C:\Users\User\.m2\repository\org\hamcrest\hamcrest-core\1.3\hamcrest-core-1.3.jar;"/>
    <property name="sun.cpu.endian" value="little"/>
    <property name="user.home" value="C:\Users\User"/>
    <property name="user.language" value="pt"/>
    <property name="java.specification.vendor" value="Oracle Corporation"/>
    <property name="java.version.date" value="2021-09-14"/>
    <property name="java.home" value="C:\Users\User\.p2\pool\plugins\org.eclipse.justj.openjdk.hotspot.jre.full.win32.x86_64_17.0.0.v20211012-1059\jre"/>
    <property name="file.separator" value="\"/>
    <property name="basedir" value="C:\Users\User\eclipse-workspace\kafka-flink"/>
    <property name="java.vm.compressedOopsMode" value="Zero based"/>
    <property name="line.separator" value="&#10;"/>
    <property name="java.vm.specification.vendor" value="Oracle Corporation"/>
    <property name="java.specification.name" value="Java Platform API Specification"/>
    <property name="surefire.real.class.path" value="C:\Users\User\AppData\Local\Temp\surefire6339410241551149854\surefirebooter9983004079145285177.jar"/>
    <property name="user.script" value=""/>
    <property name="sun.management.compiler" value="HotSpot 64-Bit Tiered Compilers"/>
    <property name="java.runtime.version" value="17+35"/>
    <property name="user.name" value="User"/>
    <property name="path.separator" value=";"/>
    <property name="os.version" value="10.0"/>
    <property name="java.runtime.name" value="OpenJDK Runtime Environment"/>
    <property name="file.encoding" value="Cp1252"/>
    <property name="java.vm.name" value="OpenJDK 64-Bit Server VM"/>
    <property name="java.vendor.version" value="Temurin-17+35"/>
    <property name="localRepository" value="C:\Users\User\.m2\repository"/>
    <property name="java.vendor.url.bug" value="https://github.com/adoptium/adoptium-support/issues"/>
    <property name="java.io.tmpdir" value="C:\Users\User\AppData\Local\Temp\"/>
    <property name="java.version" value="17"/>
    <property name="user.dir" value="C:\Users\User\eclipse-workspace\kafka-flink"/>
    <property name="os.arch" value="amd64"/>
    <property name="java.vm.specification.name" value="Java Virtual Machine Specification"/>
    <property name="sun.os.patch.level" value=""/>
    <property name="native.encoding" value="Cp1252"/>
    <property name="java.library.path" value="C:\Users\User\.p2\pool\plugins\org.eclipse.justj.openjdk.hotspot.jre.full.win32.x86_64_17.0.0.v20211012-1059\jre\bin;C:\Windows\Sun\Java\bin;C:\Windows\system32;C:\Windows;C:/Users/User/.p2/pool/plugins/org.eclipse.justj.openjdk.hotspot.jre.full.win32.x86_64_17.0.0.v20211012-1059/jre/bin/server;C:/Users/User/.p2/pool/plugins/org.eclipse.justj.openjdk.hotspot.jre.full.win32.x86_64_17.0.0.v20211012-1059/jre/bin;C:\Python27\;C:\Python27\Scripts;C:\ProgramData\Oracle\Java\javapath;C:\Windows\system32;C:\Windows;C:\Windows\System32\Wbem;C:\Windows\System32\WindowsPowerShell\v1.0\;C:\Windows\System32\OpenSSH\;C:\Program Files (x86)\NVIDIA Corporation\PhysX\Common;C:\Program Files\NVIDIA Corporation\NVIDIA NvDLISR;C:\Program Files\nodejs\;C:\Program Files\Git\cmd;C:\Users\User\AppData\Local\Microsoft\WindowsApps;C:\Users\User\AppData\Roaming\npm;C:\Users\User\AppData\Local\Programs\Microsoft VS Code\bin;C:\Program Files\JetBrains\IntelliJ IDEA 2021.2.3\bin;;C:\Program Files\heroku\bin;C:\Users\User\Desktop;;."/>
    <property name="java.vm.info" value="mixed mode"/>
    <property name="java.vendor" value="Eclipse Adoptium"/>
    <property name="java.vm.version" value="17+35"/>
    <property name="sun.io.unicode.encoding" value="UnicodeLittle"/>
    <property name="java.class.version" value="61.0"/>
  </properties>
  <testcase name="shouldAnswerWithTrue" classname="mario.br.kafka_flink.AppTest" time="0.002"/>
</testsuite>